2026-05-22 02:54:53,879 - INFO - ====== MathAlphaZero 3.0 自动训练（修复版）启动 ======
2026-05-22 02:54:53,879 - INFO - 参数配置: {'epochs': 100, 'problems_per_epoch': 60, 'simulations': 50, 'batch_size': 32, 'lr': 0.001, 'gamma': 0.96, 'td_lambda': 0.8, 'n_step': 5, 'problem_timeout': 30.0, 'max_depth': 30, 'temperature': 0.5, 'load_model': 'data/brain_3.0.pth', 'save_model': 'data/brain_3.0.pth', 'memory_path': 'data/memory_per.pkl', 'miner_memory': 'data/memory_final_for_miner.pkl', 'no_auto_discover': False}
2026-05-22 02:54:53,880 - INFO - 规则库加载完成，动作空间大小: 20
2026-05-22 02:56:38,753 - INFO - ====== MathAlphaZero 3.0 自动训练（最终修复版）启动 ======
2026-05-22 02:56:38,753 - INFO - 参数配置: {'epochs': 100, 'problems_per_epoch': 60, 'simulations': 50, 'batch_size': 32, 'lr': 0.001, 'gamma': 0.96, 'td_lambda': 0.8, 'n_step': 5, 'problem_timeout': 30.0, 'max_depth': 30, 'temperature': 0.5, 'load_model': 'data/brain_3.0.pth', 'save_model': 'data/brain_3.0.pth', 'memory_path': 'data/memory_per.pkl', 'miner_memory': 'data/memory_final_for_miner.pkl', 'no_auto_discover': False, 'reset': False}
2026-05-22 02:56:38,754 - INFO - 规则库加载完成，动作空间大小: 20
2026-05-22 02:56:39,150 - WARNING - 部分权重不匹配，已忽略 66 个键
2026-05-22 02:56:39,151 - INFO - 加载模型: data/brain_3.0.pth (兼容模式)
2026-05-22 02:56:39,182 - INFO - 经验池加载完成，当前容量: 85
2026-05-22 02:56:39,224 - INFO - Epoch 1/100 | 课程深度: 2 | 经验池大小: 85
2026-05-22 02:57:12,678 - INFO - 训练损失: 32.1293
2026-05-22 02:57:12,716 - INFO - Epoch 1 完成 | 成功率: 15.0% | 累计成功: 9
2026-05-22 02:57:12,716 - INFO - Epoch 2/100 | 课程深度: 2 | 经验池大小: 97
2026-05-22 02:57:44,904 - INFO - 训练损失: 25.0835
2026-05-22 02:57:44,952 - INFO - Epoch 2 完成 | 成功率: 13.3% | 累计成功: 10
2026-05-22 02:57:44,952 - INFO - Epoch 3/100 | 课程深度: 2 | 经验池大小: 110
2026-05-22 02:58:14,702 - INFO - 训练损失: 20.2790
2026-05-22 02:58:14,753 - INFO - Epoch 3 完成 | 成功率: 15.0% | 累计成功: 10
2026-05-22 02:58:14,754 - INFO - Epoch 4/100 | 课程深度: 2 | 经验池大小: 123
2026-05-22 02:58:46,393 - INFO - 训练损失: 21.9406
2026-05-22 02:58:46,448 - INFO - Epoch 4 完成 | 成功率: 13.3% | 累计成功: 10
2026-05-22 02:58:46,449 - INFO - Epoch 5/100 | 课程深度: 2 | 经验池大小: 135
2026-05-22 02:59:21,727 - INFO - 训练损失: 19.6140
2026-05-22 02:59:21,776 - INFO - Epoch 5 完成 | 成功率: 11.7% | 累计成功: 10
2026-05-22 02:59:21,776 - INFO - Epoch 6/100 | 课程深度: 2 | 经验池大小: 146
2026-05-22 02:59:55,105 - INFO - 训练损失: 19.2051
2026-05-22 02:59:55,178 - INFO - Epoch 6 完成 | 成功率: 13.3% | 累计成功: 10
2026-05-22 02:59:55,179 - INFO - Epoch 7/100 | 课程深度: 2 | 经验池大小: 159
2026-05-22 03:00:36,460 - INFO - 训练损失: 15.6209
2026-05-22 03:00:36,516 - INFO - Epoch 7 完成 | 成功率: 13.3% | 累计成功: 10
2026-05-22 03:00:36,516 - INFO - Epoch 8/100 | 课程深度: 2 | 经验池大小: 172
2026-05-22 03:01:06,459 - INFO - 训练损失: 16.7278
2026-05-22 03:01:06,612 - INFO - Epoch 8 完成 | 成功率: 13.3% | 累计成功: 11
2026-05-22 03:01:06,613 - INFO - Epoch 9/100 | 课程深度: 2 | 经验池大小: 184
2026-05-22 03:01:38,488 - INFO - 训练损失: 14.7432
2026-05-22 03:01:38,558 - INFO - Epoch 9 完成 | 成功率: 13.3% | 累计成功: 11
2026-05-22 03:01:38,559 - INFO - Epoch 10/100 | 课程深度: 2 | 经验池大小: 194
2026-05-22 03:02:11,208 - INFO - 训练损失: 16.3615
2026-05-22 03:02:11,282 - INFO - Epoch 10 完成 | 成功率: 10.0% | 累计成功: 11
2026-05-22 03:02:11,282 - INFO - Epoch 11/100 | 课程深度: 2 | 经验池大小: 204
